[INFO ] 2025-09-21 01:09:14,998 [main | c.o.g.Config] Using 'jar:file:/opt/graphdb/dist/lib/graphdb-application-common-10.4.2.jar!/com/ontotext/graphdb/logback.xml' as logback's configuration file
[INFO ] 2025-09-21 01:09:15,445 [main | c.o.g.s.GraphDB] Starting GraphDB in workbench mode.
[INFO ] 2025-09-21 01:09:23,265 [main | c.o.g.Config] GraphDB Home directory: /opt/graphdb/home
[INFO ] 2025-09-21 01:09:23,266 [main | c.o.g.Config] GraphDB Config directory: /opt/graphdb/home/conf
[INFO ] 2025-09-21 01:09:23,268 [main | c.o.g.Config] GraphDB Data directory: /opt/graphdb/home/data
[INFO ] 2025-09-21 01:09:23,269 [main | c.o.g.Config] GraphDB Work directory: /opt/graphdb/home/work
[INFO ] 2025-09-21 01:09:23,270 [main | c.o.g.Config] GraphDB Logs directory: /opt/graphdb/home/logs
[INFO ] 2025-09-21 01:09:24,184 [main | c.o.g.r.s.SecurityUtil] Cluster gRPC server security is disabled
[INFO ] 2025-09-21 01:09:24,465 [main | c.o.f.c.s.r.GraphDBRpcServer] Started gRPC server on port 7300 successfully
[INFO ] 2025-09-21 01:09:26,319 [main | c.o.g.s.GraphDB] Started GraphDB in workbench mode at port 7200.
[INFO ] 2025-09-21 01:16:14,024 [Thread-3 | c.o.g.s.GraphDB] Stopping GraphDB.
[INFO ] 2025-09-21 01:17:32,749 [main | c.o.g.Config] Using 'jar:file:/opt/graphdb/dist/lib/graphdb-application-common-10.4.2.jar!/com/ontotext/graphdb/logback.xml' as logback's configuration file
[INFO ] 2025-09-21 01:17:33,626 [main | c.o.g.s.GraphDB] Starting GraphDB in workbench mode.
[INFO ] 2025-09-21 01:17:39,716 [main | c.o.g.Config] GraphDB Home directory: /opt/graphdb/home
[INFO ] 2025-09-21 01:17:39,718 [main | c.o.g.Config] GraphDB Config directory: /opt/graphdb/home/conf
[INFO ] 2025-09-21 01:17:39,719 [main | c.o.g.Config] GraphDB Data directory: /opt/graphdb/home/data
[INFO ] 2025-09-21 01:17:39,721 [main | c.o.g.Config] GraphDB Work directory: /opt/graphdb/home/work
[INFO ] 2025-09-21 01:17:39,721 [main | c.o.g.Config] GraphDB Logs directory: /opt/graphdb/home/logs
[INFO ] 2025-09-21 01:17:40,551 [main | c.o.g.r.s.SecurityUtil] Cluster gRPC server security is disabled
[INFO ] 2025-09-21 01:17:40,834 [main | c.o.f.c.s.r.GraphDBRpcServer] Started gRPC server on port 7300 successfully
[INFO ] 2025-09-21 01:17:42,599 [main | c.o.g.s.GraphDB] Started GraphDB in workbench mode at port 7200.
[INFO ] 2025-09-21 01:36:21,861 [Thread-3 | c.o.g.s.GraphDB] Stopping GraphDB.
[INFO ] 2025-09-21 01:36:21,896 [Thread-3 | c.o.f.c.s.SemanticDataManagement] Shutting down current semantic location
